Use Windows high-resolution clock, precision: 1 ms
Setting pipeline to PAUSED ...
Pipeline is live and does not need PREROLL ...
Progress: (open) Opening Stream
Progress: (connect) Connecting to rtsp://45.117.171.237:8554/0fd84717-c520-4d47-ba68-98e5dfcad160
Progress: (open) Retrieving server options
Progress: (open) Opened Stream
Pipeline is PREROLLED ...
Setting pipeline to PLAYING ...
Redistribute latency...
New clock: GstSystemClock
Progress: (request) Sending RECORD request
Redistribute latency...
Progress: (record) Sending server stream info
Progress: (request) SETUP stream 0
Redistribute latency...
Redistribute latency...
WARNING: from element /GstPipeline:pipeline0/GstRTSPClientSink:rtspclientsink0/GstBin:rtspbin/GstMultiUDPSink:multiudpsink0: Pipeline construction is invalid, please add queues.
Additional debug info:
../libs/gst/base/gstbasesink.c(1258): gst_base_sink_query_latency (): /GstPipeline:pipeline0/GstRTSPClientSink:rtspclientsink0/GstBin:rtspbin/GstMultiUDPSink:multiudpsink0:
Not enough buffering available for  the processing deadline of 0:00:00.020000000, add enough queues to buffer  0:00:00.018617200 additional data. Shortening processing latency to 0:00:00.001382800.
WARNING: from element /GstPipeline:pipeline0/GstRTSPClientSink:rtspclientsink0/GstBin:rtspbin/GstMultiUDPSink:multiudpsink0: Pipeline construction is invalid, please add queues.
Additional debug info:
../libs/gst/base/gstbasesink.c(1258): gst_base_sink_query_latency (): /GstPipeline:pipeline0/GstRTSPClientSink:rtspclientsink0/GstBin:rtspbin/GstMultiUDPSink:multiudpsink0:
Not enough buffering available for  the processing deadline of 0:00:00.020000000, add enough queues to buffer  0:00:00.018617200 additional data. Shortening processing latency to 0:00:00.001382800.
Progress: (record) Starting recording
WARNING: from element /GstPipeline:pipeline0/GstRTSPClientSink:rtspclientsink0/GstBin:rtspbin/GstMultiUDPSink:multiudpsink0: Pipeline construction is invalid, please add queues.
Additional debug info:
../libs/gst/base/gstbasesink.c(1258): gst_base_sink_query_latency (): /GstPipeline:pipeline0/GstRTSPClientSink:rtspclientsink0/GstBin:rtspbin/GstMultiUDPSink:multiudpsink0:
Not enough buffering available for  the processing deadline of 0:00:00.020000000, add enough queues to buffer  0:00:00.018617200 additional data. Shortening processing latency to 0:00:00.001382800.
Redistribute latency...
WARNING: from element /GstPipeline:pipeline0/GstRTSPClientSink:rtspclientsink0/GstBin:rtspbin/GstMultiUDPSink:multiudpsink0: Pipeline construction is invalid, please add queues.
Additional debug info:
../libs/gst/base/gstbasesink.c(1258): gst_base_sink_query_latency (): /GstPipeline:pipeline0/GstRTSPClientSink:rtspclientsink0/GstBin:rtspbin/GstMultiUDPSink:multiudpsink0:
Not enough buffering available for  the processing deadline of 0:00:00.020000000, add enough queues to buffer  0:00:00.018617200 additional data. Shortening processing latency to 0:00:00.001382800.
Redistribute latency...
WARNING: from element /GstPipeline:pipeline0/GstRTSPClientSink:rtspclientsink0/GstBin:rtspbin/GstMultiUDPSink:multiudpsink0: Pipeline construction is invalid, please add queues.
Additional debug info:
../libs/gst/base/gstbasesink.c(1258): gst_base_sink_query_latency (): /GstPipeline:pipeline0/GstRTSPClientSink:rtspclientsink0/GstBin:rtspbin/GstMultiUDPSink:multiudpsink0:
Not enough buffering available for  the processing deadline of 0:00:00.020000000, add enough queues to buffer  0:00:00.017716700 additional data. Shortening processing latency to 0:00:00.002283300.
handling interrupt.
Interrupt: Stopping pipeline ...
Execution ended after 0:00:15.448673000
Setting pipeline to NULL ...
Use Windows high-resolution clock, precision: 1 ms
Setting pipeline to PAUSED ...
Pipeline is live and does not need PREROLL ...
Progress: (open) Opening Stream
Progress: (connect) Connecting to rtsp://45.117.171.237:8554/0fd84717-c520-4d47-ba68-98e5dfcad160
Progress: (open) Retrieving server options
Progress: (open) Opened Stream
Pipeline is PREROLLED ...
Setting pipeline to PLAYING ...
Redistribute latency...
New clock: GstSystemClock
Progress: (request) Sending RECORD request
Redistribute latency...
Progress: (record) Sending server stream info
Progress: (request) SETUP stream 0
Redistribute latency...
Redistribute latency...
WARNING: from element /GstPipeline:pipeline0/GstRTSPClientSink:rtspclientsink0/GstBin:rtspbin/GstMultiUDPSink:multiudpsink0: Pipeline construction is invalid, please add queues.
Additional debug info:
../libs/gst/base/gstbasesink.c(1258): gst_base_sink_query_latency (): /GstPipeline:pipeline0/GstRTSPClientSink:rtspclientsink0/GstBin:rtspbin/GstMultiUDPSink:multiudpsink0:
Not enough buffering available for  the processing deadline of 0:00:00.020000000, add enough queues to buffer  0:00:00.018245600 additional data. Shortening processing latency to 0:00:00.001754400.
WARNING: from element /GstPipeline:pipeline0/GstRTSPClientSink:rtspclientsink0/GstBin:rtspbin/GstMultiUDPSink:multiudpsink0: Pipeline construction is invalid, please add queues.
Additional debug info:
../libs/gst/base/gstbasesink.c(1258): gst_base_sink_query_latency (): /GstPipeline:pipeline0/GstRTSPClientSink:rtspclientsink0/GstBin:rtspbin/GstMultiUDPSink:multiudpsink0:
Not enough buffering available for  the processing deadline of 0:00:00.020000000, add enough queues to buffer  0:00:00.018245600 additional data. Shortening processing latency to 0:00:00.001754400.
Progress: (record) Starting recording
WARNING: from element /GstPipeline:pipeline0/GstRTSPClientSink:rtspclientsink0/GstBin:rtspbin/GstMultiUDPSink:multiudpsink0: Pipeline construction is invalid, please add queues.
Additional debug info:
../libs/gst/base/gstbasesink.c(1258): gst_base_sink_query_latency (): /GstPipeline:pipeline0/GstRTSPClientSink:rtspclientsink0/GstBin:rtspbin/GstMultiUDPSink:multiudpsink0:
Not enough buffering available for  the processing deadline of 0:00:00.020000000, add enough queues to buffer  0:00:00.018245600 additional data. Shortening processing latency to 0:00:00.001754400.
Redistribute latency...
WARNING: from element /GstPipeline:pipeline0/GstRTSPClientSink:rtspclientsink0/GstBin:rtspbin/GstMultiUDPSink:multiudpsink0: Pipeline construction is invalid, please add queues.
Additional debug info:
../libs/gst/base/gstbasesink.c(1258): gst_base_sink_query_latency (): /GstPipeline:pipeline0/GstRTSPClientSink:rtspclientsink0/GstBin:rtspbin/GstMultiUDPSink:multiudpsink0:
Not enough buffering available for  the processing deadline of 0:00:00.020000000, add enough queues to buffer  0:00:00.018245600 additional data. Shortening processing latency to 0:00:00.001754400.
Redistribute latency...
WARNING: from element /GstPipeline:pipeline0/GstRTSPClientSink:rtspclientsink0/GstBin:rtspbin/GstMultiUDPSink:multiudpsink0: Pipeline construction is invalid, please add queues.
Additional debug info:
../libs/gst/base/gstbasesink.c(1258): gst_base_sink_query_latency (): /GstPipeline:pipeline0/GstRTSPClientSink:rtspclientsink0/GstBin:rtspbin/GstMultiUDPSink:multiudpsink0:
Not enough buffering available for  the processing deadline of 0:00:00.020000000, add enough queues to buffer  0:00:00.017128400 additional data. Shortening processing latency to 0:00:00.002871600.
handling interrupt.
Interrupt: Stopping pipeline ...
Execution ended after 0:03:51.533671000
Setting pipeline to NULL ...
Use Windows high-resolution clock, precision: 1 ms
Setting pipeline to PAUSED ...
Pipeline is live and does not need PREROLL ...
Progress: (open) Opening Stream
Progress: (connect) Connecting to rtsp://45.117.171.237:8554/0fd84717-c520-4d47-ba68-98e5dfcad160
Progress: (open) Retrieving server options
Progress: (open) Opened Stream
Pipeline is PREROLLED ...
Setting pipeline to PLAYING ...
Redistribute latency...
New clock: GstSystemClock
Progress: (request) Sending RECORD request
Redistribute latency...
Progress: (record) Sending server stream info
Progress: (request) SETUP stream 0
Redistribute latency...
Redistribute latency...
WARNING: from element /GstPipeline:pipeline0/GstRTSPClientSink:rtspclientsink0/GstBin:rtspbin/GstMultiUDPSink:multiudpsink0: Pipeline construction is invalid, please add queues.
Additional debug info:
../libs/gst/base/gstbasesink.c(1258): gst_base_sink_query_latency (): /GstPipeline:pipeline0/GstRTSPClientSink:rtspclientsink0/GstBin:rtspbin/GstMultiUDPSink:multiudpsink0:
Not enough buffering available for  the processing deadline of 0:00:00.020000000, add enough queues to buffer  0:00:00.018554500 additional data. Shortening processing latency to 0:00:00.001445500.
WARNING: from element /GstPipeline:pipeline0/GstRTSPClientSink:rtspclientsink0/GstBin:rtspbin/GstMultiUDPSink:multiudpsink0: Pipeline construction is invalid, please add queues.
Additional debug info:
../libs/gst/base/gstbasesink.c(1258): gst_base_sink_query_latency (): /GstPipeline:pipeline0/GstRTSPClientSink:rtspclientsink0/GstBin:rtspbin/GstMultiUDPSink:multiudpsink0:
Not enough buffering available for  the processing deadline of 0:00:00.020000000, add enough queues to buffer  0:00:00.018554500 additional data. Shortening processing latency to 0:00:00.001445500.
Progress: (record) Starting recording
WARNING: from element /GstPipeline:pipeline0/GstRTSPClientSink:rtspclientsink0/GstBin:rtspbin/GstMultiUDPSink:multiudpsink0: Pipeline construction is invalid, please add queues.
Additional debug info:
../libs/gst/base/gstbasesink.c(1258): gst_base_sink_query_latency (): /GstPipeline:pipeline0/GstRTSPClientSink:rtspclientsink0/GstBin:rtspbin/GstMultiUDPSink:multiudpsink0:
Not enough buffering available for  the processing deadline of 0:00:00.020000000, add enough queues to buffer  0:00:00.018554500 additional data. Shortening processing latency to 0:00:00.001445500.
Redistribute latency...
WARNING: from element /GstPipeline:pipeline0/GstRTSPClientSink:rtspclientsink0/GstBin:rtspbin/GstMultiUDPSink:multiudpsink0: Pipeline construction is invalid, please add queues.
Additional debug info:
../libs/gst/base/gstbasesink.c(1258): gst_base_sink_query_latency (): /GstPipeline:pipeline0/GstRTSPClientSink:rtspclientsink0/GstBin:rtspbin/GstMultiUDPSink:multiudpsink0:
Not enough buffering available for  the processing deadline of 0:00:00.020000000, add enough queues to buffer  0:00:00.018554500 additional data. Shortening processing latency to 0:00:00.001445500.
Redistribute latency...
WARNING: from element /GstPipeline:pipeline0/GstRTSPClientSink:rtspclientsink0/GstBin:rtspbin/GstMultiUDPSink:multiudpsink0: Pipeline construction is invalid, please add queues.
Additional debug info:
../libs/gst/base/gstbasesink.c(1258): gst_base_sink_query_latency (): /GstPipeline:pipeline0/GstRTSPClientSink:rtspclientsink0/GstBin:rtspbin/GstMultiUDPSink:multiudpsink0:
Not enough buffering available for  the processing deadline of 0:00:00.020000000, add enough queues to buffer  0:00:00.015745500 additional data. Shortening processing latency to 0:00:00.004254500.
handling interrupt.
Interrupt: Stopping pipeline ...
Execution ended after 0:01:47.839920000
Setting pipeline to NULL ...
Use Windows high-resolution clock, precision: 1 ms
Setting pipeline to PAUSED ...
Pipeline is live and does not need PREROLL ...
Progress: (open) Opening Stream
Progress: (connect) Connecting to rtsp://45.117.171.237:8554/0fd84717-c520-4d47-ba68-98e5dfcad160
Progress: (open) Retrieving server options
Progress: (open) Opened Stream
Pipeline is PREROLLED ...
Setting pipeline to PLAYING ...
Redistribute latency...
New clock: GstSystemClock
Progress: (request) Sending RECORD request
Redistribute latency...
Progress: (record) Sending server stream info
Progress: (request) SETUP stream 0
Redistribute latency...
Redistribute latency...
WARNING: from element /GstPipeline:pipeline0/GstRTSPClientSink:rtspclientsink0/GstBin:rtspbin/GstMultiUDPSink:multiudpsink0: Pipeline construction is invalid, please add queues.
Additional debug info:
../libs/gst/base/gstbasesink.c(1258): gst_base_sink_query_latency (): /GstPipeline:pipeline0/GstRTSPClientSink:rtspclientsink0/GstBin:rtspbin/GstMultiUDPSink:multiudpsink0:
Not enough buffering available for  the processing deadline of 0:00:00.020000000, add enough queues to buffer  0:00:00.018779100 additional data. Shortening processing latency to 0:00:00.001220900.
WARNING: from element /GstPipeline:pipeline0/GstRTSPClientSink:rtspclientsink0/GstBin:rtspbin/GstMultiUDPSink:multiudpsink0: Pipeline construction is invalid, please add queues.
Additional debug info:
../libs/gst/base/gstbasesink.c(1258): gst_base_sink_query_latency (): /GstPipeline:pipeline0/GstRTSPClientSink:rtspclientsink0/GstBin:rtspbin/GstMultiUDPSink:multiudpsink0:
Not enough buffering available for  the processing deadline of 0:00:00.020000000, add enough queues to buffer  0:00:00.018779100 additional data. Shortening processing latency to 0:00:00.001220900.
Progress: (record) Starting recording
WARNING: from element /GstPipeline:pipeline0/GstRTSPClientSink:rtspclientsink0/GstBin:rtspbin/GstMultiUDPSink:multiudpsink0: Pipeline construction is invalid, please add queues.
Additional debug info:
../libs/gst/base/gstbasesink.c(1258): gst_base_sink_query_latency (): /GstPipeline:pipeline0/GstRTSPClientSink:rtspclientsink0/GstBin:rtspbin/GstMultiUDPSink:multiudpsink0:
Not enough buffering available for  the processing deadline of 0:00:00.020000000, add enough queues to buffer  0:00:00.018779100 additional data. Shortening processing latency to 0:00:00.001220900.
Redistribute latency...
WARNING: from element /GstPipeline:pipeline0/GstRTSPClientSink:rtspclientsink0/GstBin:rtspbin/GstMultiUDPSink:multiudpsink0: Pipeline construction is invalid, please add queues.
Additional debug info:
../libs/gst/base/gstbasesink.c(1258): gst_base_sink_query_latency (): /GstPipeline:pipeline0/GstRTSPClientSink:rtspclientsink0/GstBin:rtspbin/GstMultiUDPSink:multiudpsink0:
Not enough buffering available for  the processing deadline of 0:00:00.020000000, add enough queues to buffer  0:00:00.018779100 additional data. Shortening processing latency to 0:00:00.001220900.
Redistribute latency...
WARNING: from element /GstPipeline:pipeline0/GstRTSPClientSink:rtspclientsink0/GstBin:rtspbin/GstMultiUDPSink:multiudpsink0: Pipeline construction is invalid, please add queues.
Additional debug info:
../libs/gst/base/gstbasesink.c(1258): gst_base_sink_query_latency (): /GstPipeline:pipeline0/GstRTSPClientSink:rtspclientsink0/GstBin:rtspbin/GstMultiUDPSink:multiudpsink0:
Not enough buffering available for  the processing deadline of 0:00:00.020000000, add enough queues to buffer  0:00:00.017742700 additional data. Shortening processing latency to 0:00:00.002257300.
handling interrupt.
Interrupt: Stopping pipeline ...
Execution ended after 0:00:31.380894000
Setting pipeline to NULL ...
Use Windows high-resolution clock, precision: 1 ms
Setting pipeline to PAUSED ...
Pipeline is live and does not need PREROLL ...
Progress: (open) Opening Stream
Progress: (connect) Connecting to rtsp://45.117.171.237:8554/0fd84717-c520-4d47-ba68-98e5dfcad160
Progress: (open) Retrieving server options
Progress: (open) Opened Stream
Pipeline is PREROLLED ...
Setting pipeline to PLAYING ...
Redistribute latency...
New clock: GstSystemClock
Progress: (request) Sending RECORD request
Redistribute latency...
Progress: (record) Sending server stream info
Progress: (request) SETUP stream 0
Redistribute latency...
Redistribute latency...
WARNING: from element /GstPipeline:pipeline0/GstRTSPClientSink:rtspclientsink0/GstBin:rtspbin/GstMultiUDPSink:multiudpsink0: Pipeline construction is invalid, please add queues.
Additional debug info:
../libs/gst/base/gstbasesink.c(1258): gst_base_sink_query_latency (): /GstPipeline:pipeline0/GstRTSPClientSink:rtspclientsink0/GstBin:rtspbin/GstMultiUDPSink:multiudpsink0:
Not enough buffering available for  the processing deadline of 0:00:00.020000000, add enough queues to buffer  0:00:00.018331800 additional data. Shortening processing latency to 0:00:00.001668200.
WARNING: from element /GstPipeline:pipeline0/GstRTSPClientSink:rtspclientsink0/GstBin:rtspbin/GstMultiUDPSink:multiudpsink0: Pipeline construction is invalid, please add queues.
Additional debug info:
../libs/gst/base/gstbasesink.c(1258): gst_base_sink_query_latency (): /GstPipeline:pipeline0/GstRTSPClientSink:rtspclientsink0/GstBin:rtspbin/GstMultiUDPSink:multiudpsink0:
Not enough buffering available for  the processing deadline of 0:00:00.020000000, add enough queues to buffer  0:00:00.018331800 additional data. Shortening processing latency to 0:00:00.001668200.
Progress: (record) Starting recording
WARNING: from element /GstPipeline:pipeline0/GstRTSPClientSink:rtspclientsink0/GstBin:rtspbin/GstMultiUDPSink:multiudpsink0: Pipeline construction is invalid, please add queues.
Additional debug info:
../libs/gst/base/gstbasesink.c(1258): gst_base_sink_query_latency (): /GstPipeline:pipeline0/GstRTSPClientSink:rtspclientsink0/GstBin:rtspbin/GstMultiUDPSink:multiudpsink0:
Not enough buffering available for  the processing deadline of 0:00:00.020000000, add enough queues to buffer  0:00:00.018331800 additional data. Shortening processing latency to 0:00:00.001668200.
Redistribute latency...
WARNING: from element /GstPipeline:pipeline0/GstRTSPClientSink:rtspclientsink0/GstBin:rtspbin/GstMultiUDPSink:multiudpsink0: Pipeline construction is invalid, please add queues.
Additional debug info:
../libs/gst/base/gstbasesink.c(1258): gst_base_sink_query_latency (): /GstPipeline:pipeline0/GstRTSPClientSink:rtspclientsink0/GstBin:rtspbin/GstMultiUDPSink:multiudpsink0:
Not enough buffering available for  the processing deadline of 0:00:00.020000000, add enough queues to buffer  0:00:00.018331800 additional data. Shortening processing latency to 0:00:00.001668200.
Redistribute latency...
WARNING: from element /GstPipeline:pipeline0/GstRTSPClientSink:rtspclientsink0/GstBin:rtspbin/GstMultiUDPSink:multiudpsink0: Pipeline construction is invalid, please add queues.
Additional debug info:
../libs/gst/base/gstbasesink.c(1258): gst_base_sink_query_latency (): /GstPipeline:pipeline0/GstRTSPClientSink:rtspclientsink0/GstBin:rtspbin/GstMultiUDPSink:multiudpsink0:
Not enough buffering available for  the processing deadline of 0:00:00.020000000, add enough queues to buffer  0:00:00.016474400 additional data. Shortening processing latency to 0:00:00.003525600.
handling interrupt.
Interrupt: Stopping pipeline ...
Execution ended after 0:07:42.729506000
Setting pipeline to NULL ...
Use Windows high-resolution clock, precision: 1 ms
Setting pipeline to PAUSED ...
Pipeline is live and does not need PREROLL ...
Progress: (open) Opening Stream
Progress: (connect) Connecting to rtsp://45.117.171.237:8554/0fd84717-c520-4d47-ba68-98e5dfcad160
Progress: (open) Retrieving server options
Progress: (open) Opened Stream
Pipeline is PREROLLED ...
Setting pipeline to PLAYING ...
New clock: GstSystemClock
Progress: (request) Sending RECORD request
Redistribute latency...
Redistribute latency...
Progress: (record) Sending server stream info
Progress: (request) SETUP stream 0
Redistribute latency...
Redistribute latency...
WARNING: from element /GstPipeline:pipeline0/GstRTSPClientSink:rtspclientsink0/GstBin:rtspbin/GstMultiUDPSink:multiudpsink0: Pipeline construction is invalid, please add queues.
Additional debug info:
../libs/gst/base/gstbasesink.c(1258): gst_base_sink_query_latency (): /GstPipeline:pipeline0/GstRTSPClientSink:rtspclientsink0/GstBin:rtspbin/GstMultiUDPSink:multiudpsink0:
Not enough buffering available for  the processing deadline of 0:00:00.020000000, add enough queues to buffer  0:00:00.018485800 additional data. Shortening processing latency to 0:00:00.001514200.
WARNING: from element /GstPipeline:pipeline0/GstRTSPClientSink:rtspclientsink0/GstBin:rtspbin/GstMultiUDPSink:multiudpsink0: Pipeline construction is invalid, please add queues.
Additional debug info:
../libs/gst/base/gstbasesink.c(1258): gst_base_sink_query_latency (): /GstPipeline:pipeline0/GstRTSPClientSink:rtspclientsink0/GstBin:rtspbin/GstMultiUDPSink:multiudpsink0:
Not enough buffering available for  the processing deadline of 0:00:00.020000000, add enough queues to buffer  0:00:00.018485800 additional data. Shortening processing latency to 0:00:00.001514200.
Progress: (record) Starting recording
WARNING: from element /GstPipeline:pipeline0/GstRTSPClientSink:rtspclientsink0/GstBin:rtspbin/GstMultiUDPSink:multiudpsink0: Pipeline construction is invalid, please add queues.
Additional debug info:
../libs/gst/base/gstbasesink.c(1258): gst_base_sink_query_latency (): /GstPipeline:pipeline0/GstRTSPClientSink:rtspclientsink0/GstBin:rtspbin/GstMultiUDPSink:multiudpsink0:
Not enough buffering available for  the processing deadline of 0:00:00.020000000, add enough queues to buffer  0:00:00.018485800 additional data. Shortening processing latency to 0:00:00.001514200.
Redistribute latency...
WARNING: from element /GstPipeline:pipeline0/GstRTSPClientSink:rtspclientsink0/GstBin:rtspbin/GstMultiUDPSink:multiudpsink0: Pipeline construction is invalid, please add queues.
Additional debug info:
../libs/gst/base/gstbasesink.c(1258): gst_base_sink_query_latency (): /GstPipeline:pipeline0/GstRTSPClientSink:rtspclientsink0/GstBin:rtspbin/GstMultiUDPSink:multiudpsink0:
Not enough buffering available for  the processing deadline of 0:00:00.020000000, add enough queues to buffer  0:00:00.018485800 additional data. Shortening processing latency to 0:00:00.001514200.
Redistribute latency...
WARNING: from element /GstPipeline:pipeline0/GstRTSPClientSink:rtspclientsink0/GstBin:rtspbin/GstMultiUDPSink:multiudpsink0: Pipeline construction is invalid, please add queues.
Additional debug info:
../libs/gst/base/gstbasesink.c(1258): gst_base_sink_query_latency (): /GstPipeline:pipeline0/GstRTSPClientSink:rtspclientsink0/GstBin:rtspbin/GstMultiUDPSink:multiudpsink0:
Not enough buffering available for  the processing deadline of 0:00:00.020000000, add enough queues to buffer  0:00:00.016740300 additional data. Shortening processing latency to 0:00:00.003259700.
handling interrupt.
Interrupt: Stopping pipeline ...
Execution ended after 0:00:30.393199000
Setting pipeline to NULL ...
